<?xml version="1.0" encoding="UTF-8"?>
<testsuites name="Mocha Tests" time="15.366" tests="1" failures="0">
  <testsuite name="Root Suite" timestamp="2025-02-20T19:00:51" tests="0" file="cypress\e2e\rekrutacja\task1_login_test.cy.js" time="0.000" failures="0">
  </testsuite>
  <testsuite name="Loggin to account" timestamp="2025-02-20T19:00:51" tests="1" time="15.353" failures="0">
    <testcase name="Loggin to account Logging in with valid credentials and verifying that the login was successful." time="12.553" classname="Logging in with valid credentials and verifying that the login was successful.">
    </testcase>
  </testsuite>
</testsuites>